  string operation.cpp
C:\Users\HP\Documents\c++ projects\source\repos\string operation\string operation\string operation.cpp(19,9): error C2872: 'string': ambiguous symbol
C:\Users\HP\Documents\c++ projects\source\repos\string operation\string operation\string operation.cpp(4,7): message : could be 'string'
C:\Program Files\Microsoft Visual Studio\2022\Community\VC\Tools\MSVC\14.30.30705\include\xstring(4920,7): message : or       'std::string'
C:\Users\HP\Documents\c++ projects\source\repos\string operation\string operation\string operation.cpp(21,17): warning C4267: '=': conversion from 'size_t' to 'int', possible loss of data
C:\Users\HP\Documents\c++ projects\source\repos\string operation\string operation\string operation.cpp(23,12): error C2065: 's': undeclared identifier
C:\Users\HP\Documents\c++ projects\source\repos\string operation\string operation\string operation.cpp(25,7): error C2872: 'string': ambiguous symbol
C:\Users\HP\Documents\c++ projects\source\repos\string operation\string operation\string operation.cpp(4,7): message : could be 'string'
C:\Program Files\Microsoft Visual Studio\2022\Community\VC\Tools\MSVC\14.30.30705\include\xstring(4920,7): message : or       'std::string'
C:\Users\HP\Documents\c++ projects\source\repos\string operation\string operation\string operation.cpp(29,2): error C4996: 'strcpy': This function or variable may be unsafe. Consider using strcpy_s instead. To disable deprecation, use _CRT_SECURE_NO_WARNINGS. See online help for details.
C:\Users\HP\Documents\c++ projects\source\repos\string operation\string operation\string operation.cpp(31,8): error C2872: 'string': ambiguous symbol
C:\Users\HP\Documents\c++ projects\source\repos\string operation\string operation\string operation.cpp(4,7): message : could be 'string'
C:\Program Files\Microsoft Visual Studio\2022\Community\VC\Tools\MSVC\14.30.30705\include\xstring(4920,7): message : or       'std::string'
C:\Users\HP\Documents\c++ projects\source\repos\string operation\string operation\string operation.cpp(31,31): error C2872: 'string': ambiguous symbol
C:\Users\HP\Documents\c++ projects\source\repos\string operation\string operation\string operation.cpp(4,7): message : could be 'string'
C:\Program Files\Microsoft Visual Studio\2022\Community\VC\Tools\MSVC\14.30.30705\include\xstring(4920,7): message : or       'std::string'
C:\Users\HP\Documents\c++ projects\source\repos\string operation\string operation\string operation.cpp(31,48): error C2872: 'string': ambiguous symbol
C:\Users\HP\Documents\c++ projects\source\repos\string operation\string operation\string operation.cpp(4,7): message : could be 'string'
C:\Program Files\Microsoft Visual Studio\2022\Community\VC\Tools\MSVC\14.30.30705\include\xstring(4920,7): message : or       'std::string'
C:\Users\HP\Documents\c++ projects\source\repos\string operation\string operation\string operation.cpp(33,9): error C2872: 'string': ambiguous symbol
C:\Users\HP\Documents\c++ projects\source\repos\string operation\string operation\string operation.cpp(4,7): message : could be 'string'
C:\Program Files\Microsoft Visual Studio\2022\Community\VC\Tools\MSVC\14.30.30705\include\xstring(4920,7): message : or       'std::string'
C:\Users\HP\Documents\c++ projects\source\repos\string operation\string operation\string operation.cpp(36,2): error C4996: 'strcpy': This function or variable may be unsafe. Consider using strcpy_s instead. To disable deprecation, use _CRT_SECURE_NO_WARNINGS. See online help for details.
C:\Users\HP\Documents\c++ projects\source\repos\string operation\string operation\string operation.cpp(37,2): error C4996: 'strcat': This function or variable may be unsafe. Consider using strcat_s instead. To disable deprecation, use _CRT_SECURE_NO_WARNINGS. See online help for details.
C:\Users\HP\Documents\c++ projects\source\repos\string operation\string operation\string operation.cpp(40,29): error C2872: 'string': ambiguous symbol
C:\Users\HP\Documents\c++ projects\source\repos\string operation\string operation\string operation.cpp(4,7): message : could be 'string'
C:\Program Files\Microsoft Visual Studio\2022\Community\VC\Tools\MSVC\14.30.30705\include\xstring(4920,7): message : or       'std::string'
C:\Users\HP\Documents\c++ projects\source\repos\string operation\string operation\string operation.cpp(40,46): error C2872: 'string': ambiguous symbol
C:\Users\HP\Documents\c++ projects\source\repos\string operation\string operation\string operation.cpp(4,7): message : could be 'string'
C:\Program Files\Microsoft Visual Studio\2022\Community\VC\Tools\MSVC\14.30.30705\include\xstring(4920,7): message : or       'std::string'
C:\Users\HP\Documents\c++ projects\source\repos\string operation\string operation\string operation.cpp(42,21): warning C4267: 'initializing': conversion from 'size_t' to 'int', possible loss of data
C:\Users\HP\Documents\c++ projects\source\repos\string operation\string operation\string operation.cpp(43,21): warning C4267: 'initializing': conversion from 'size_t' to 'int', possible loss of data
C:\Users\HP\Documents\c++ projects\source\repos\string operation\string operation\string operation.cpp(47,24): error C2872: 'string': ambiguous symbol
C:\Users\HP\Documents\c++ projects\source\repos\string operation\string operation\string operation.cpp(4,7): message : could be 'string'
C:\Program Files\Microsoft Visual Studio\2022\Community\VC\Tools\MSVC\14.30.30705\include\xstring(4920,7): message : or       'std::string'
C:\Users\HP\Documents\c++ projects\source\repos\string operation\string operation\string operation.cpp(52,9): error C2872: 'string': ambiguous symbol
C:\Users\HP\Documents\c++ projects\source\repos\string operation\string operation\string operation.cpp(4,7): message : could be 'string'
C:\Program Files\Microsoft Visual Studio\2022\Community\VC\Tools\MSVC\14.30.30705\include\xstring(4920,7): message : or       'std::string'
C:\Users\HP\Documents\c++ projects\source\repos\string operation\string operation\string operation.cpp(54,12): error C2679: binary '>>': no operator found which takes a right-hand operand of type 'string' (or there is no acceptable conversion)
C:\Program Files\Microsoft Visual Studio\2022\Community\VC\Tools\MSVC\14.30.30705\include\istream(299,39): message : could be 'std::basic_istream<char,std::char_traits<char>> &std::basic_istream<char,std::char_traits<char>>::operator >>(std::basic_streambuf<char,std::char_traits<char>> *)'
C:\Program Files\Microsoft Visual Studio\2022\Community\VC\Tools\MSVC\14.30.30705\include\istream(295,39): message : or       'std::basic_istream<char,std::char_traits<char>> &std::basic_istream<char,std::char_traits<char>>::operator >>(void *&)'
C:\Program Files\Microsoft Visual Studio\2022\Community\VC\Tools\MSVC\14.30.30705\include\istream(291,39): message : or       'std::basic_istream<char,std::char_traits<char>> &std::basic_istream<char,std::char_traits<char>>::operator >>(long double &)'
C:\Program Files\Microsoft Visual Studio\2022\Community\VC\Tools\MSVC\14.30.30705\include\istream(287,39): message : or       'std::basic_istream<char,std::char_traits<char>> &std::basic_istream<char,std::char_traits<char>>::operator >>(double &)'
C:\Program Files\Microsoft Visual Studio\2022\Community\VC\Tools\MSVC\14.30.30705\include\istream(283,39): message : or       'std::basic_istream<char,std::char_traits<char>> &std::basic_istream<char,std::char_traits<char>>::operator >>(float &)'
C:\Program Files\Microsoft Visual Studio\2022\Community\VC\Tools\MSVC\14.30.30705\include\istream(279,39): message : or       'std::basic_istream<char,std::char_traits<char>> &std::basic_istream<char,std::char_traits<char>>::operator >>(unsigned __int64 &)'
C:\Program Files\Microsoft Visual Studio\2022\Community\VC\Tools\MSVC\14.30.30705\include\istream(275,39): message : or       'std::basic_istream<char,std::char_traits<char>> &std::basic_istream<char,std::char_traits<char>>::operator >>(__int64 &)'
C:\Program Files\Microsoft Visual Studio\2022\Community\VC\Tools\MSVC\14.30.30705\include\istream(271,39): message : or       'std::basic_istream<char,std::char_traits<char>> &std::basic_istream<char,std::char_traits<char>>::operator >>(unsigned long &)'
C:\Program Files\Microsoft Visual Studio\2022\Community\VC\Tools\MSVC\14.30.30705\include\istream(267,39): message : or       'std::basic_istream<char,std::char_traits<char>> &std::basic_istream<char,std::char_traits<char>>::operator >>(long &)'
C:\Program Files\Microsoft Visual Studio\2022\Community\VC\Tools\MSVC\14.30.30705\include\istream(263,39): message : or       'std::basic_istream<char,std::char_traits<char>> &std::basic_istream<char,std::char_traits<char>>::operator >>(unsigned int &)'
C:\Program Files\Microsoft Visual Studio\2022\Community\VC\Tools\MSVC\14.30.30705\include\istream(255,39): message : or       'std::basic_istream<char,std::char_traits<char>> &std::basic_istream<char,std::char_traits<char>>::operator >>(int &)'
C:\Program Files\Microsoft Visual Studio\2022\Community\VC\Tools\MSVC\14.30.30705\include\istream(251,39): message : or       'std::basic_istream<char,std::char_traits<char>> &std::basic_istream<char,std::char_traits<char>>::operator >>(unsigned short &)'
C:\Program Files\Microsoft Visual Studio\2022\Community\VC\Tools\MSVC\14.30.30705\include\istream(219,39): message : or       'std::basic_istream<char,std::char_traits<char>> &std::basic_istream<char,std::char_traits<char>>::operator >>(short &)'
C:\Program Files\Microsoft Visual Studio\2022\Community\VC\Tools\MSVC\14.30.30705\include\istream(215,39): message : or       'std::basic_istream<char,std::char_traits<char>> &std::basic_istream<char,std::char_traits<char>>::operator >>(bool &)'
C:\Program Files\Microsoft Visual Studio\2022\Community\VC\Tools\MSVC\14.30.30705\include\istream(186,39): message : or       'std::basic_istream<char,std::char_traits<char>> &std::basic_istream<char,std::char_traits<char>>::operator >>(std::ios_base &(__cdecl *)(std::ios_base &))'
C:\Program Files\Microsoft Visual Studio\2022\Community\VC\Tools\MSVC\14.30.30705\include\istream(181,39): message : or       'std::basic_istream<char,std::char_traits<char>> &std::basic_istream<char,std::char_traits<char>>::operator >>(std::basic_ios<char,std::char_traits<char>> &(__cdecl *)(std::basic_ios<char,std::char_traits<char>> &))'
C:\Program Files\Microsoft Visual Studio\2022\Community\VC\Tools\MSVC\14.30.30705\include\istream(176,39): message : or       'std::basic_istream<char,std::char_traits<char>> &std::basic_istream<char,std::char_traits<char>>::operator >>(std::basic_istream<char,std::char_traits<char>> &(__cdecl *)(std::basic_istream<char,std::char_traits<char>> &))'
C:\Users\HP\Documents\c++ projects\source\repos\string operation\string operation\string operation.cpp(54,12): message : while trying to match the argument list '(std::istream, string)'
C:\Users\HP\Documents\c++ projects\source\repos\string operation\string operation\string operation.cpp(55,9): error C2872: 'string': ambiguous symbol
C:\Users\HP\Documents\c++ projects\source\repos\string operation\string operation\string operation.cpp(4,7): message : could be 'string'
C:\Program Files\Microsoft Visual Studio\2022\Community\VC\Tools\MSVC\14.30.30705\include\xstring(4920,7): message : or       'std::string'
