  vector.cpp
C:\Users\HP\Documents\c++ projects\source\repos\vector\vector\vector.cpp(84,7): error C2679: binary '<<': no operator found which takes a right-hand operand of type 'overloaded-function' (or there is no acceptable conversion)
C:\Program Files\Microsoft Visual Studio\2022\Community\VC\Tools\MSVC\14.30.30705\include\ostream(464,39): message : could be 'std::basic_ostream<char,std::char_traits<char>> &std::basic_ostream<char,std::char_traits<char>>::operator <<(std::basic_streambuf<char,std::char_traits<char>> *)'
C:\Program Files\Microsoft Visual Studio\2022\Community\VC\Tools\MSVC\14.30.30705\include\ostream(439,39): message : or       'std::basic_ostream<char,std::char_traits<char>> &std::basic_ostream<char,std::char_traits<char>>::operator <<(const void *)'
C:\Program Files\Microsoft Visual Studio\2022\Community\VC\Tools\MSVC\14.30.30705\include\ostream(421,39): message : or       'std::basic_ostream<char,std::char_traits<char>> &std::basic_ostream<char,std::char_traits<char>>::operator <<(long double)'
C:\Program Files\Microsoft Visual Studio\2022\Community\VC\Tools\MSVC\14.30.30705\include\ostream(403,39): message : or       'std::basic_ostream<char,std::char_traits<char>> &std::basic_ostream<char,std::char_traits<char>>::operator <<(double)'
C:\Program Files\Microsoft Visual Studio\2022\Community\VC\Tools\MSVC\14.30.30705\include\ostream(385,39): message : or       'std::basic_ostream<char,std::char_traits<char>> &std::basic_ostream<char,std::char_traits<char>>::operator <<(float)'
C:\Program Files\Microsoft Visual Studio\2022\Community\VC\Tools\MSVC\14.30.30705\include\ostream(367,39): message : or       'std::basic_ostream<char,std::char_traits<char>> &std::basic_ostream<char,std::char_traits<char>>::operator <<(unsigned __int64)'
C:\Program Files\Microsoft Visual Studio\2022\Community\VC\Tools\MSVC\14.30.30705\include\ostream(349,39): message : or       'std::basic_ostream<char,std::char_traits<char>> &std::basic_ostream<char,std::char_traits<char>>::operator <<(__int64)'
C:\Program Files\Microsoft Visual Studio\2022\Community\VC\Tools\MSVC\14.30.30705\include\ostream(331,39): message : or       'std::basic_ostream<char,std::char_traits<char>> &std::basic_ostream<char,std::char_traits<char>>::operator <<(unsigned long)'
C:\Program Files\Microsoft Visual Studio\2022\Community\VC\Tools\MSVC\14.30.30705\include\ostream(313,39): message : or       'std::basic_ostream<char,std::char_traits<char>> &std::basic_ostream<char,std::char_traits<char>>::operator <<(long)'
C:\Program Files\Microsoft Visual Studio\2022\Community\VC\Tools\MSVC\14.30.30705\include\ostream(294,39): message : or       'std::basic_ostream<char,std::char_traits<char>> &std::basic_ostream<char,std::char_traits<char>>::operator <<(unsigned int)'
C:\Program Files\Microsoft Visual Studio\2022\Community\VC\Tools\MSVC\14.30.30705\include\ostream(268,39): message : or       'std::basic_ostream<char,std::char_traits<char>> &std::basic_ostream<char,std::char_traits<char>>::operator <<(int)'
C:\Program Files\Microsoft Visual Studio\2022\Community\VC\Tools\MSVC\14.30.30705\include\ostream(249,39): message : or       'std::basic_ostream<char,std::char_traits<char>> &std::basic_ostream<char,std::char_traits<char>>::operator <<(unsigned short)'
C:\Program Files\Microsoft Visual Studio\2022\Community\VC\Tools\MSVC\14.30.30705\include\ostream(215,39): message : or       'std::basic_ostream<char,std::char_traits<char>> &std::basic_ostream<char,std::char_traits<char>>::operator <<(short)'
C:\Program Files\Microsoft Visual Studio\2022\Community\VC\Tools\MSVC\14.30.30705\include\ostream(197,39): message : or       'std::basic_ostream<char,std::char_traits<char>> &std::basic_ostream<char,std::char_traits<char>>::operator <<(bool)'
C:\Program Files\Microsoft Visual Studio\2022\Community\VC\Tools\MSVC\14.30.30705\include\ostream(192,39): message : or       'std::basic_ostream<char,std::char_traits<char>> &std::basic_ostream<char,std::char_traits<char>>::operator <<(std::ios_base &(__cdecl *)(std::ios_base &))'
C:\Program Files\Microsoft Visual Studio\2022\Community\VC\Tools\MSVC\14.30.30705\include\ostream(187,39): message : or       'std::basic_ostream<char,std::char_traits<char>> &std::basic_ostream<char,std::char_traits<char>>::operator <<(std::basic_ios<char,std::char_traits<char>> &(__cdecl *)(std::basic_ios<char,std::char_traits<char>> &))'
C:\Program Files\Microsoft Visual Studio\2022\Community\VC\Tools\MSVC\14.30.30705\include\ostream(182,39): message : or       'std::basic_ostream<char,std::char_traits<char>> &std::basic_ostream<char,std::char_traits<char>>::operator <<(std::basic_ostream<char,std::char_traits<char>> &(__cdecl *)(std::basic_ostream<char,std::char_traits<char>> &))'
C:\Program Files\Microsoft Visual Studio\2022\Community\VC\Tools\MSVC\14.30.30705\include\ostream(856,32): message : or       'std::basic_ostream<char,std::char_traits<char>> &std::operator <<<char,std::char_traits<char>>(std::basic_ostream<char,std::char_traits<char>> &,_Elem)'
          with
          [
              _Elem=char
          ]
C:\Program Files\Microsoft Visual Studio\2022\Community\VC\Tools\MSVC\14.30.30705\include\ostream(813,32): message : or       'std::basic_ostream<char,std::char_traits<char>> &std::operator <<<char,std::char_traits<char>>(std::basic_ostream<char,std::char_traits<char>> &,const _Elem *)'
          with
          [
              _Elem=char
          ]
C:\Users\HP\Documents\c++ projects\source\repos\vector\vector\vector.cpp(85,8): message : while trying to match the argument list '(std::basic_ostream<char,std::char_traits<char>>, overloaded-function)'
C:\Users\HP\Documents\c++ projects\source\repos\vector\vector\vector.cpp(85,3): error C2146: syntax error: missing ';' before identifier 'cout'
C:\Users\HP\Documents\c++ projects\source\repos\vector\vector\vector.cpp(85,11): error C2065: 'p': undeclared identifier
C:\Users\HP\Documents\c++ projects\source\repos\vector\vector\vector.cpp(85,13): error C2065: 'i': undeclared identifier
C:\Users\HP\Documents\c++ projects\source\repos\vector\vector\vector.cpp(86,1): error C2181: illegal else without matching if
C:\Users\HP\Documents\c++ projects\source\repos\vector\vector\vector.cpp(87,9): error C2065: 'p': undeclared identifier
C:\Users\HP\Documents\c++ projects\source\repos\vector\vector\vector.cpp(87,11): error C2065: 'i': undeclared identifier
C:\Users\HP\Documents\c++ projects\source\repos\vector\vector\vector.cpp(89,6): error C2143: syntax error: missing ';' before '<<'
C:\Users\HP\Documents\c++ projects\source\repos\vector\vector\vector.cpp(89,6): error C4430: missing type specifier - int assumed. Note: C++ does not support default-int
C:\Users\HP\Documents\c++ projects\source\repos\vector\vector\vector.cpp(90,1): error C2059: syntax error: '}'
C:\Users\HP\Documents\c++ projects\source\repos\vector\vector\vector.cpp(90,1): error C2143: syntax error: missing ';' before '}'
C:\Users\HP\Documents\c++ projects\source\repos\vector\vector\vector.cpp(92,1): error C2143: syntax error: missing ';' before '{'
C:\Users\HP\Documents\c++ projects\source\repos\vector\vector\vector.cpp(92,1): error C2447: '{': missing function header (old-style formal list?)
C:\Users\HP\Documents\c++ projects\source\repos\vector\vector\vector.cpp(114,5): error C2084: function 'int main(void)' already has a body
C:\Users\HP\Documents\c++ projects\source\repos\vector\vector\vector.cpp(64): message : see previous definition of 'main'
C:\Users\HP\Documents\c++ projects\source\repos\vector\vector\vector.cpp(118,7): error C2872: 'cout': ambiguous symbol
C:\Users\HP\Documents\c++ projects\source\repos\vector\vector\vector.cpp(89,1): message : could be 'int cout'
C:\Program Files\Microsoft Visual Studio\2022\Community\VC\Tools\MSVC\14.30.30705\include\iostream(40,57): message : or       'std::ostream std::cout'
C:\Users\HP\Documents\c++ projects\source\repos\vector\vector\vector.cpp(118,36): error C2297: '<<': illegal, right operand has type 'const char [25]'
C:\Users\HP\Documents\c++ projects\source\repos\vector\vector\vector.cpp(118,7): warning C4552: '<<': result of expression not used
C:\Users\HP\Documents\c++ projects\source\repos\vector\vector\vector.cpp(121,7): error C2872: 'cout': ambiguous symbol
C:\Users\HP\Documents\c++ projects\source\repos\vector\vector\vector.cpp(89,1): message : could be 'int cout'
C:\Program Files\Microsoft Visual Studio\2022\Community\VC\Tools\MSVC\14.30.30705\include\iostream(40,57): message : or       'std::ostream std::cout'
C:\Users\HP\Documents\c++ projects\source\repos\vector\vector\vector.cpp(121,20): error C2297: '<<': illegal, right operand has type 'const char [8]'
C:\Users\HP\Documents\c++ projects\source\repos\vector\vector\vector.cpp(121,53): error C2297: '<<': illegal, right operand has type 'const char [23]'
C:\Users\HP\Documents\c++ projects\source\repos\vector\vector\vector.cpp(121,60): error C2563: mismatch in formal parameter list
C:\Users\HP\Documents\c++ projects\source\repos\vector\vector\vector.cpp(121,60): error C2568: '<<': unable to resolve function overload
C:\Users\HP\Documents\c++ projects\source\repos\vector\vector\vector.cpp(121,60): message : could be 'std::basic_ostream<_Elem,_Traits> &std::endl(std::basic_ostream<_Elem,_Traits> &)'
C:\Users\HP\Documents\c++ projects\source\repos\vector\vector\vector.cpp(128,7): error C2872: 'cout': ambiguous symbol
C:\Users\HP\Documents\c++ projects\source\repos\vector\vector\vector.cpp(89,1): message : could be 'int cout'
C:\Program Files\Microsoft Visual Studio\2022\Community\VC\Tools\MSVC\14.30.30705\include\iostream(40,57): message : or       'std::ostream std::cout'
C:\Users\HP\Documents\c++ projects\source\repos\vector\vector\vector.cpp(128,28): error C2297: '<<': illegal, right operand has type 'const char [16]'
C:\Users\HP\Documents\c++ projects\source\repos\vector\vector\vector.cpp(128,35): error C2563: mismatch in formal parameter list
C:\Users\HP\Documents\c++ projects\source\repos\vector\vector\vector.cpp(128,35): error C2568: '<<': unable to resolve function overload
C:\Users\HP\Documents\c++ projects\source\repos\vector\vector\vector.cpp(128,35): message : could be 'std::basic_ostream<_Elem,_Traits> &std::endl(std::basic_ostream<_Elem,_Traits> &)'
C:\Users\HP\Documents\c++ projects\source\repos\vector\vector\vector.cpp(130,7): error C2872: 'cout': ambiguous symbol
C:\Users\HP\Documents\c++ projects\source\repos\vector\vector\vector.cpp(89,1): message : could be 'int cout'
C:\Program Files\Microsoft Visual Studio\2022\Community\VC\Tools\MSVC\14.30.30705\include\iostream(40,57): message : or       'std::ostream std::cout'
C:\Users\HP\Documents\c++ projects\source\repos\vector\vector\vector.cpp(130,87): error C2297: '<<': illegal, right operand has type 'const char [76]'
C:\Users\HP\Documents\c++ projects\source\repos\vector\vector\vector.cpp(130,7): warning C4552: '<<': result of expression not used
C:\Users\HP\Documents\c++ projects\source\repos\vector\vector\vector.cpp(134,7): error C2872: 'cout': ambiguous symbol
C:\Users\HP\Documents\c++ projects\source\repos\vector\vector\vector.cpp(89,1): message : could be 'int cout'
C:\Program Files\Microsoft Visual Studio\2022\Community\VC\Tools\MSVC\14.30.30705\include\iostream(40,57): message : or       'std::ostream std::cout'
C:\Users\HP\Documents\c++ projects\source\repos\vector\vector\vector.cpp(134,29): error C2297: '<<': illegal, right operand has type 'const char [17]'
C:\Users\HP\Documents\c++ projects\source\repos\vector\vector\vector.cpp(134,36): error C2563: mismatch in formal parameter list
C:\Users\HP\Documents\c++ projects\source\repos\vector\vector\vector.cpp(134,36): error C2568: '<<': unable to resolve function overload
C:\Users\HP\Documents\c++ projects\source\repos\vector\vector\vector.cpp(134,36): message : could be 'std::basic_ostream<_Elem,_Traits> &std::endl(std::basic_ostream<_Elem,_Traits> &)'
